<?xml version="1.0" encoding="UTF-8"?>
<robot generator="Robot 7.4.1 (Python 3.9.6 on darwin)" generated="2026-02-23T13:54:51.367066" rpa="false" schemaversion="5">
<suite id="s1" name="Test Clients" source="/Users/chloeeee/Desktop/Portfolio/pythonProjects/Gig&amp;InvoiceManagement/fastAPI/robot_tests/test_clients.robot">
<kw name="Create API Session" owner="common" type="SETUP">
<kw name="Create Session" owner="RequestsLibrary">
<msg time="2026-02-23T13:54:51.430097" level="INFO">Creating Session using : alias=api, url=http://127.0.0.1:8000, headers={},                     cookies={}, auth=None, timeout=None, proxies=None, verify=False,                     debug=0 </msg>
<arg>${SESSION}</arg>
<arg>${BASE_URL}</arg>
<doc>Create Session: create a HTTP session to a server</doc>
<status status="PASS" start="2026-02-23T13:54:51.429982" elapsed="0.000220"/>
</kw>
<status status="PASS" start="2026-02-23T13:54:51.429710" elapsed="0.000535"/>
</kw>
<test id="s1-t1" name="Create Client Successfully" line="17">
<kw name="Create Client" owner="common">
<kw name="Create Dictionary" owner="BuiltIn">
<msg time="2026-02-23T13:54:51.431114" level="INFO">${body} = {'name': 'Acme Corp', 'email': 'acme_robot@example.com'}</msg>
<var>${body}</var>
<arg>name=${name}</arg>
<arg>email=${email}</arg>
<doc>Creates and returns a dictionary based on the given ``items``.</doc>
<status status="PASS" start="2026-02-23T13:54:51.430818" elapsed="0.000310"/>
</kw>
<if>
<branch type="IF" condition="$phone is not None">
<kw name="Set To Dictionary" owner="Collections">
<arg>${body}</arg>
<arg>phone=${phone}</arg>
<doc>Adds the given ``key_value_pairs`` and/or ``items`` to the ``dictionary``.</doc>
<status status="NOT RUN" start="2026-02-23T13:54:51.432798" elapsed="0.000013"/>
</kw>
<status status="NOT RUN" start="2026-02-23T13:54:51.431172" elapsed="0.001661"/>
</branch>
<status status="PASS" start="2026-02-23T13:54:51.431159" elapsed="0.001688"/>
</if>
<if>
<branch type="IF" condition="$business_id is not None">
<kw name="Set To Dictionary" owner="Collections">
<arg>${body}</arg>
<arg>business_id=${business_id}</arg>
<doc>Adds the given ``key_value_pairs`` and/or ``items`` to the ``dictionary``.</doc>
<status status="NOT RUN" start="2026-02-23T13:54:51.432956" elapsed="0.000009"/>
</kw>
<status status="NOT RUN" start="2026-02-23T13:54:51.432874" elapsed="0.000107"/>
</branch>
<status status="PASS" start="2026-02-23T13:54:51.432867" elapsed="0.000123"/>
</if>
<if>
<branch type="IF" condition="$note is not None">
<kw name="Set To Dictionary" owner="Collections">
<arg>${body}</arg>
<arg>note=${note}</arg>
<doc>Adds the given ``key_value_pairs`` and/or ``items`` to the ``dictionary``.</doc>
<status status="NOT RUN" start="2026-02-23T13:54:51.433082" elapsed="0.000008"/>
</kw>
<status status="NOT RUN" start="2026-02-23T13:54:51.433012" elapsed="0.000093"/>
</branch>
<status status="PASS" start="2026-02-23T13:54:51.433006" elapsed="0.000108"/>
</if>
<kw name="POST On Session" owner="RequestsLibrary">
<msg time="2026-02-23T13:54:51.442211" level="INFO">POST Request : url=http://127.0.0.1:8000/clients/ 
 path_url=/clients/ 
 headers={'User-Agent': 'python-requests/2.32.5', 'Accept-Encoding': 'gzip, deflate', 'Accept': '*/*', 'Connection': 'keep-alive', 'Content-Length': '56', 'Content-Type': 'application/json'} 
 body=b'{"name": "Acme Corp", "email": "acme_robot@example.com"}' 
 </msg>
<msg time="2026-02-23T13:54:51.442268" level="INFO">POST Response : url=http://127.0.0.1:8000/clients/ 
 status=200, reason=OK 
 headers={'date': 'Mon, 23 Feb 2026 11:54:50 GMT', 'server': 'uvicorn', 'content-length': '122', 'content-type': 'application/json'} 
 body={"name":"Acme Corp","email":"acme_robot@example.com","phone":null,"business_id":null,"note":null,"id":1,"status":"active"} 
 </msg>
<msg time="2026-02-23T13:54:51.442341" level="INFO">${response} = &lt;Response [200]&gt;</msg>
<var>${response}</var>
<arg>${SESSION}</arg>
<arg>/clients/</arg>
<arg>json=${body}</arg>
<arg>expected_status=any</arg>
<doc>Sends a POST request on a previously created HTTP Session.</doc>
<status status="PASS" start="2026-02-23T13:54:51.433152" elapsed="0.009202"/>
</kw>
<return>
<value>${response}</value>
<status status="PASS" start="2026-02-23T13:54:51.442398" elapsed="0.000025"/>
</return>
<msg time="2026-02-23T13:54:51.442494" level="INFO">${response} = &lt;Response [200]&gt;</msg>
<var>${response}</var>
<arg>name=Acme Corp</arg>
<arg>email=acme_robot@example.com</arg>
<status status="PASS" start="2026-02-23T13:54:51.430619" elapsed="0.011886"/>
</kw>
<kw name="Should Be Equal As Integers" owner="BuiltIn">
<msg time="2026-02-23T13:54:51.442922" level="INFO">Argument types are:
&lt;class 'int'&gt;
&lt;class 'str'&gt;</msg>
<arg>${response.status_code}</arg>
<arg>200</arg>
<doc>Fails if objects are unequal after converting them to integers.</doc>
<status status="PASS" start="2026-02-23T13:54:51.442613" elapsed="0.000438"/>
</kw>
<kw name="Set Variable" owner="BuiltIn">
<msg time="2026-02-23T13:54:51.443612" level="INFO">${data} = {'name': 'Acme Corp', 'email': 'acme_robot@example.com', 'phone': None, 'business_id': None, 'note': None, 'id': 1, 'status': 'active'}</msg>
<var>${data}</var>
<arg>${response.json()}</arg>
<doc>Returns the given values which can then be assigned to a variables.</doc>
<status status="PASS" start="2026-02-23T13:54:51.443272" elapsed="0.000354"/>
</kw>
<kw name="Should Be Equal" owner="BuiltIn">
<arg>${data}[name]</arg>
<arg>Acme Corp</arg>
<doc>Fails if the given objects are unequal.</doc>
<status status="PASS" start="2026-02-23T13:54:51.443693" elapsed="0.000136"/>
</kw>
<kw name="Should Be Equal" owner="BuiltIn">
<arg>${data}[email]</arg>
<arg>acme_robot@example.com</arg>
<doc>Fails if the given objects are unequal.</doc>
<status status="PASS" start="2026-02-23T13:54:51.443888" elapsed="0.000122"/>
</kw>
<kw name="Should Be Equal" owner="BuiltIn">
<arg>${data}[status]</arg>
<arg>active</arg>
<doc>Fails if the given objects are unequal.</doc>
<status status="PASS" start="2026-02-23T13:54:51.444065" elapsed="0.000117"/>
</kw>
<kw name="Dictionary Should Contain Key" owner="Collections">
<arg>${data}</arg>
<arg>id</arg>
<doc>Fails if ``key`` is not found from ``dictionary``.</doc>
<status status="PASS" start="2026-02-23T13:54:51.444238" elapsed="0.000078"/>
</kw>
<doc>Happy path: valid client should be created and return id and active status.</doc>
<status status="PASS" start="2026-02-23T13:54:51.430276" elapsed="0.014110"/>
</test>
<test id="s1-t2" name="Create Client With All Fields" line="27">
<kw name="Create Client" owner="common">
<kw name="Create Dictionary" owner="BuiltIn">
<msg time="2026-02-23T13:54:51.445122" level="INFO">${body} = {'name': 'Full Client', 'email': 'full_robot@example.com'}</msg>
<var>${body}</var>
<arg>name=${name}</arg>
<arg>email=${email}</arg>
<doc>Creates and returns a dictionary based on the given ``items``.</doc>
<status status="PASS" start="2026-02-23T13:54:51.444943" elapsed="0.000192"/>
</kw>
<if>
<branch type="IF" condition="$phone is not None">
<kw name="Set To Dictionary" owner="Collections">
<arg>${body}</arg>
<arg>phone=${phone}</arg>
<doc>Adds the given ``key_value_pairs`` and/or ``items`` to the ``dictionary``.</doc>
<status status="PASS" start="2026-02-23T13:54:51.445271" elapsed="0.000131"/>
</kw>
<status status="PASS" start="2026-02-23T13:54:51.445174" elapsed="0.000246"/>
</branch>
<status status="PASS" start="2026-02-23T13:54:51.445164" elapsed="0.000268"/>
</if>
<if>
<branch type="IF" condition="$business_id is not None">
<kw name="Set To Dictionary" owner="Collections">
<arg>${body}</arg>
<arg>business_id=${business_id}</arg>
<doc>Adds the given ``key_value_pairs`` and/or ``items`` to the ``dictionary``.</doc>
<status status="PASS" start="2026-02-23T13:54:51.445530" elapsed="0.000093"/>
</kw>
<status status="PASS" start="2026-02-23T13:54:51.445457" elapsed="0.000182"/>
</branch>
<status status="PASS" start="2026-02-23T13:54:51.445450" elapsed="0.000198"/>
</if>
<if>
<branch type="IF" condition="$note is not None">
<kw name="Set To Dictionary" owner="Collections">
<arg>${body}</arg>
<arg>note=${note}</arg>
<doc>Adds the given ``key_value_pairs`` and/or ``items`` to the ``dictionary``.</doc>
<status status="PASS" start="2026-02-23T13:54:51.445740" elapsed="0.000089"/>
</kw>
<status status="PASS" start="2026-02-23T13:54:51.445671" elapsed="0.000206"/>
</branch>
<status status="PASS" start="2026-02-23T13:54:51.445664" elapsed="0.000223"/>
</if>
<kw name="POST On Session" owner="RequestsLibrary">
<msg time="2026-02-23T13:54:51.449628" level="INFO">POST Request : url=http://127.0.0.1:8000/clients/ 
 path_url=/clients/ 
 headers={'User-Agent': 'python-requests/2.32.5', 'Accept-Encoding': 'gzip, deflate', 'Accept': '*/*', 'Connection': 'keep-alive', 'Content-Length': '136', 'Content-Type': 'application/json'} 
 body=b'{"name": "Full Client", "email": "full_robot@example.com", "phone": "+358401234567", "business_id": "1234567-8", "note": "VIP customer"}' 
 </msg>
<msg time="2026-02-23T13:54:51.449669" level="INFO">POST Response : url=http://127.0.0.1:8000/clients/ 
 status=200, reason=OK 
 headers={'date': 'Mon, 23 Feb 2026 11:54:50 GMT', 'server': 'uvicorn', 'content-length': '152', 'content-type': 'application/json'} 
 body={"name":"Full Client","email":"full_robot@example.com","phone":"+358401234567","business_id":"1234567-8","note":"VIP customer","id":2,"status":"active"} 
 </msg>
<msg time="2026-02-23T13:54:51.449732" level="INFO">${response} = &lt;Response [200]&gt;</msg>
<var>${response}</var>
<arg>${SESSION}</arg>
<arg>/clients/</arg>
<arg>json=${body}</arg>
<arg>expected_status=any</arg>
<doc>Sends a POST request on a previously created HTTP Session.</doc>
<status status="PASS" start="2026-02-23T13:54:51.445926" elapsed="0.003818"/>
</kw>
<return>
<value>${response}</value>
<status status="PASS" start="2026-02-23T13:54:51.449782" elapsed="0.000022"/>
</return>
<msg time="2026-02-23T13:54:51.449871" level="INFO">${response} = &lt;Response [200]&gt;</msg>
<var>${response}</var>
<arg>name=Full Client</arg>
<arg>email=full_robot@example.com</arg>
<arg>phone=+358401234567</arg>
<arg>business_id=1234567-8</arg>
<arg>note=VIP customer</arg>
<status status="PASS" start="2026-02-23T13:54:51.444752" elapsed="0.005131"/>
</kw>
<kw name="Should Be Equal As Integers" owner="BuiltIn">
<msg time="2026-02-23T13:54:51.450252" level="INFO">Argument types are:
&lt;class 'int'&gt;
&lt;class 'str'&gt;</msg>
<arg>${response.status_code}</arg>
<arg>200</arg>
<doc>Fails if objects are unequal after converting them to integers.</doc>
<status status="PASS" start="2026-02-23T13:54:51.449972" elapsed="0.000308"/>
</kw>
<kw name="Set Variable" owner="BuiltIn">
<msg time="2026-02-23T13:54:51.450595" level="INFO">${data} = {'name': 'Full Client', 'email': 'full_robot@example.com', 'phone': '+358401234567', 'business_id': '1234567-8', 'note': 'VIP customer', 'id': 2, 'status': 'active'}</msg>
<var>${data}</var>
<arg>${response.json()}</arg>
<doc>Returns the given values which can then be assigned to a variables.</doc>
<status status="PASS" start="2026-02-23T13:54:51.450347" elapsed="0.000260"/>
</kw>
<kw name="Should Be Equal" owner="BuiltIn">
<arg>${data}[phone]</arg>
<arg>+358401234567</arg>
<doc>Fails if the given objects are unequal.</doc>
<status status="PASS" start="2026-02-23T13:54:51.450666" elapsed="0.000123"/>
</kw>
<kw name="Should Be Equal" owner="BuiltIn">
<arg>${data}[business_id]</arg>
<arg>1234567-8</arg>
<doc>Fails if the given objects are unequal.</doc>
<status status="PASS" start="2026-02-23T13:54:51.450845" elapsed="0.000116"/>
</kw>
<doc>Client created with all optional fields should return them in response.</doc>
<status status="PASS" start="2026-02-23T13:54:51.444478" elapsed="0.006546"/>
</test>
<test id="s1-t3" name="Create Client With Duplicate Email" line="40">
<kw name="Create Client" owner="common">
<kw name="Create Dictionary" owner="BuiltIn">
<msg time="2026-02-23T13:54:51.452188" level="INFO">${body} = {'name': 'First Client', 'email': 'duplicate_robot@example.com'}</msg>
<var>${body}</var>
<arg>name=${name}</arg>
<arg>email=${email}</arg>
<doc>Creates and returns a dictionary based on the given ``items``.</doc>
<status status="PASS" start="2026-02-23T13:54:51.451604" elapsed="0.000596"/>
</kw>
<if>
<branch type="IF" condition="$phone is not None">
<kw name="Set To Dictionary" owner="Collections">
<arg>${body}</arg>
<arg>phone=${phone}</arg>
<doc>Adds the given ``key_value_pairs`` and/or ``items`` to the ``dictionary``.</doc>
<status status="NOT RUN" start="2026-02-23T13:54:51.452334" elapsed="0.000009"/>
</kw>
<status status="NOT RUN" start="2026-02-23T13:54:51.452240" elapsed="0.000119"/>
</branch>
<status status="PASS" start="2026-02-23T13:54:51.452230" elapsed="0.000138"/>
</if>
<if>
<branch type="IF" condition="$business_id is not None">
<kw name="Set To Dictionary" owner="Collections">
<arg>${body}</arg>
<arg>business_id=${business_id}</arg>
<doc>Adds the given ``key_value_pairs`` and/or ``items`` to the ``dictionary``.</doc>
<status status="NOT RUN" start="2026-02-23T13:54:51.452460" elapsed="0.000008"/>
</kw>
<status status="NOT RUN" start="2026-02-23T13:54:51.452390" elapsed="0.000093"/>
</branch>
<status status="PASS" start="2026-02-23T13:54:51.452384" elapsed="0.000108"/>
</if>
<if>
<branch type="IF" condition="$note is not None">
<kw name="Set To Dictionary" owner="Collections">
<arg>${body}</arg>
<arg>note=${note}</arg>
<doc>Adds the given ``key_value_pairs`` and/or ``items`` to the ``dictionary``.</doc>
<status status="NOT RUN" start="2026-02-23T13:54:51.452575" elapsed="0.000008"/>
</kw>
<status status="NOT RUN" start="2026-02-23T13:54:51.452512" elapsed="0.000085"/>
</branch>
<status status="PASS" start="2026-02-23T13:54:51.452506" elapsed="0.000099"/>
</if>
<kw name="POST On Session" owner="RequestsLibrary">
<msg time="2026-02-23T13:54:51.456083" level="INFO">POST Request : url=http://127.0.0.1:8000/clients/ 
 path_url=/clients/ 
 headers={'User-Agent': 'python-requests/2.32.5', 'Accept-Encoding': 'gzip, deflate', 'Accept': '*/*', 'Connection': 'keep-alive', 'Content-Length': '64', 'Content-Type': 'application/json'} 
 body=b'{"name": "First Client", "email": "duplicate_robot@example.com"}' 
 </msg>
<msg time="2026-02-23T13:54:51.456128" level="INFO">POST Response : url=http://127.0.0.1:8000/clients/ 
 status=200, reason=OK 
 headers={'date': 'Mon, 23 Feb 2026 11:54:50 GMT', 'server': 'uvicorn', 'content-length': '130', 'content-type': 'application/json'} 
 body={"name":"First Client","email":"duplicate_robot@example.com","phone":null,"business_id":null,"note":null,"id":3,"status":"active"} 
 </msg>
<msg time="2026-02-23T13:54:51.456199" level="INFO">${response} = &lt;Response [200]&gt;</msg>
<var>${response}</var>
<arg>${SESSION}</arg>
<arg>/clients/</arg>
<arg>json=${body}</arg>
<arg>expected_status=any</arg>
<doc>Sends a POST request on a previously created HTTP Session.</doc>
<status status="PASS" start="2026-02-23T13:54:51.452640" elapsed="0.003573"/>
</kw>
<return>
<value>${response}</value>
<status status="PASS" start="2026-02-23T13:54:51.456252" elapsed="0.000021"/>
</return>
<arg>name=First Client</arg>
<arg>email=duplicate_robot@example.com</arg>
<status status="PASS" start="2026-02-23T13:54:51.451407" elapsed="0.004922"/>
</kw>
<kw name="Create Client" owner="common">
<kw name="Create Dictionary" owner="BuiltIn">
<msg time="2026-02-23T13:54:51.457337" level="INFO">${body} = {'name': 'Second Client', 'email': 'duplicate_robot@example.com'}</msg>
<var>${body}</var>
<arg>name=${name}</arg>
<arg>email=${email}</arg>
<doc>Creates and returns a dictionary based on the given ``items``.</doc>
<status status="PASS" start="2026-02-23T13:54:51.456761" elapsed="0.000627"/>
</kw>
<if>
<branch type="IF" condition="$phone is not None">
<kw name="Set To Dictionary" owner="Collections">
<arg>${body}</arg>
<arg>phone=${phone}</arg>
<doc>Adds the given ``key_value_pairs`` and/or ``items`` to the ``dictionary``.</doc>
<status status="NOT RUN" start="2026-02-23T13:54:51.457715" elapsed="0.000012"/>
</kw>
<status status="NOT RUN" start="2026-02-23T13:54:51.457465" elapsed="0.000281"/>
</branch>
<status status="PASS" start="2026-02-23T13:54:51.457442" elapsed="0.000317"/>
</if>
<if>
<branch type="IF" condition="$business_id is not None">
<kw name="Set To Dictionary" owner="Collections">
<arg>${body}</arg>
<arg>business_id=${business_id}</arg>
<doc>Adds the given ``key_value_pairs`` and/or ``items`` to the ``dictionary``.</doc>
<status status="NOT RUN" start="2026-02-23T13:54:51.457907" elapsed="0.000010"/>
</kw>
<status status="NOT RUN" start="2026-02-23T13:54:51.457784" elapsed="0.000151"/>
</branch>
<status status="PASS" start="2026-02-23T13:54:51.457777" elapsed="0.000167"/>
</if>
<if>
<branch type="IF" condition="$note is not None">
<kw name="Set To Dictionary" owner="Collections">
<arg>${body}</arg>
<arg>note=${note}</arg>
<doc>Adds the given ``key_value_pairs`` and/or ``items`` to the ``dictionary``.</doc>
<status status="NOT RUN" start="2026-02-23T13:54:51.458041" elapsed="0.000009"/>
</kw>
<status status="NOT RUN" start="2026-02-23T13:54:51.457967" elapsed="0.000098"/>
</branch>
<status status="PASS" start="2026-02-23T13:54:51.457961" elapsed="0.000113"/>
</if>
<kw name="POST On Session" owner="RequestsLibrary">
<msg time="2026-02-23T13:54:51.460312" level="INFO">POST Request : url=http://127.0.0.1:8000/clients/ 
 path_url=/clients/ 
 headers={'User-Agent': 'python-requests/2.32.5', 'Accept-Encoding': 'gzip, deflate', 'Accept': '*/*', 'Connection': 'keep-alive', 'Content-Length': '65', 'Content-Type': 'application/json'} 
 body=b'{"name": "Second Client", "email": "duplicate_robot@example.com"}' 
 </msg>
<msg time="2026-02-23T13:54:51.460348" level="INFO">POST Response : url=http://127.0.0.1:8000/clients/ 
 status=422, reason=Unprocessable Entity 
 headers={'date': 'Mon, 23 Feb 2026 11:54:50 GMT', 'server': 'uvicorn', 'content-length': '33', 'content-type': 'application/json'} 
 body={"detail":"Unprocessable Entity"} 
 </msg>
<msg time="2026-02-23T13:54:51.460631" level="INFO">${response} = &lt;Response [422]&gt;</msg>
<var>${response}</var>
<arg>${SESSION}</arg>
<arg>/clients/</arg>
<arg>json=${body}</arg>
<arg>expected_status=any</arg>
<doc>Sends a POST request on a previously created HTTP Session.</doc>
<status status="PASS" start="2026-02-23T13:54:51.458110" elapsed="0.002570"/>
</kw>
<return>
<value>${response}</value>
<status status="PASS" start="2026-02-23T13:54:51.460777" elapsed="0.000041"/>
</return>
<msg time="2026-02-23T13:54:51.460940" level="INFO">${response} = &lt;Response [422]&gt;</msg>
<var>${response}</var>
<arg>name=Second Client</arg>
<arg>email=duplicate_robot@example.com</arg>
<status status="PASS" start="2026-02-23T13:54:51.456517" elapsed="0.004458"/>
</kw>
<kw name="Should Be Equal As Integers" owner="BuiltIn">
<msg time="2026-02-23T13:54:51.461540" level="INFO">Argument types are:
&lt;class 'int'&gt;
&lt;class 'str'&gt;</msg>
<arg>${response.status_code}</arg>
<arg>422</arg>
<doc>Fails if objects are unequal after converting them to integers.</doc>
<status status="PASS" start="2026-02-23T13:54:51.461252" elapsed="0.000318"/>
</kw>
<doc>Creating two clients with the same email should return 422 'Database does not accept the content'.</doc>
<status status="PASS" start="2026-02-23T13:54:51.451110" elapsed="0.010546"/>
</test>
<test id="s1-t4" name="Create Client Missing Email" line="47">
<kw name="Create Dictionary" owner="BuiltIn">
<msg time="2026-02-23T13:54:51.462135" level="INFO">${body} = {'name': 'No Email Client'}</msg>
<var>${body}</var>
<arg>name=No Email Client</arg>
<doc>Creates and returns a dictionary based on the given ``items``.</doc>
<status status="PASS" start="2026-02-23T13:54:51.461986" elapsed="0.000163"/>
</kw>
<kw name="POST On Session" owner="RequestsLibrary">
<msg time="2026-02-23T13:54:51.464213" level="INFO">POST Request : url=http://127.0.0.1:8000/clients/ 
 path_url=/clients/ 
 headers={'User-Agent': 'python-requests/2.32.5', 'Accept-Encoding': 'gzip, deflate', 'Accept': '*/*', 'Connection': 'keep-alive', 'Content-Length': '27', 'Content-Type': 'application/json'} 
 body=b'{"name": "No Email Client"}' 
 </msg>
<msg time="2026-02-23T13:54:51.464256" level="INFO">POST Response : url=http://127.0.0.1:8000/clients/ 
 status=422, reason=Unprocessable Entity 
 headers={'date': 'Mon, 23 Feb 2026 11:54:50 GMT', 'server': 'uvicorn', 'content-length': '112', 'content-type': 'application/json'} 
 body={"detail":[{"type":"missing","loc":["body","email"],"msg":"Field required","input":{"name":"No Email Client"}}]} 
 </msg>
<msg time="2026-02-23T13:54:51.464345" level="INFO">${response} = &lt;Response [422]&gt;</msg>
<var>${response}</var>
<arg>${SESSION}</arg>
<arg>/clients/</arg>
<arg>json=${body}</arg>
<arg>expected_status=any</arg>
<doc>Sends a POST request on a previously created HTTP Session.</doc>
<status status="PASS" start="2026-02-23T13:54:51.462211" elapsed="0.002147"/>
</kw>
<kw name="Should Be Equal As Integers" owner="BuiltIn">
<msg time="2026-02-23T13:54:51.464974" level="INFO">Argument types are:
&lt;class 'int'&gt;
&lt;class 'str'&gt;</msg>
<arg>${response.status_code}</arg>
<arg>422</arg>
<doc>Fails if objects are unequal after converting them to integers.</doc>
<status status="PASS" start="2026-02-23T13:54:51.464665" elapsed="0.000336"/>
</kw>
<doc>Missing required email field should return 422 'Database does not accept the content'.</doc>
<status status="PASS" start="2026-02-23T13:54:51.461751" elapsed="0.003334"/>
</test>
<test id="s1-t5" name="Create Client Missing Name" line="53">
<kw name="Create Dictionary" owner="BuiltIn">
<msg time="2026-02-23T13:54:51.465491" level="INFO">${body} = {'email': 'noname_robot@example.com'}</msg>
<var>${body}</var>
<arg>email=noname_robot@example.com</arg>
<doc>Creates and returns a dictionary based on the given ``items``.</doc>
<status status="PASS" start="2026-02-23T13:54:51.465364" elapsed="0.000139"/>
</kw>
<kw name="POST On Session" owner="RequestsLibrary">
<msg time="2026-02-23T13:54:51.467655" level="INFO">POST Request : url=http://127.0.0.1:8000/clients/ 
 path_url=/clients/ 
 headers={'User-Agent': 'python-requests/2.32.5', 'Accept-Encoding': 'gzip, deflate', 'Accept': '*/*', 'Connection': 'keep-alive', 'Content-Length': '37', 'Content-Type': 'application/json'} 
 body=b'{"email": "noname_robot@example.com"}' 
 </msg>
<msg time="2026-02-23T13:54:51.467688" level="INFO">POST Response : url=http://127.0.0.1:8000/clients/ 
 status=422, reason=Unprocessable Entity 
 headers={'date': 'Mon, 23 Feb 2026 11:54:50 GMT', 'server': 'uvicorn', 'content-length': '121', 'content-type': 'application/json'} 
 body={"detail":[{"type":"missing","loc":["body","name"],"msg":"Field required","input":{"email":"noname_robot@example.com"}}]} 
 </msg>
<msg time="2026-02-23T13:54:51.467740" level="INFO">${response} = &lt;Response [422]&gt;</msg>
<var>${response}</var>
<arg>${SESSION}</arg>
<arg>/clients/</arg>
<arg>json=${body}</arg>
<arg>expected_status=any</arg>
<doc>Sends a POST request on a previously created HTTP Session.</doc>
<status status="PASS" start="2026-02-23T13:54:51.465559" elapsed="0.002193"/>
</kw>
<kw name="Should Be Equal As Integers" owner="BuiltIn">
<msg time="2026-02-23T13:54:51.468265" level="INFO">Argument types are:
&lt;class 'int'&gt;
&lt;class 'str'&gt;</msg>
<arg>${response.status_code}</arg>
<arg>422</arg>
<doc>Fails if objects are unequal after converting them to integers.</doc>
<status status="PASS" start="2026-02-23T13:54:51.467892" elapsed="0.000443"/>
</kw>
<doc>Missing required name field should return 422 'Database does not accept the content'.</doc>
<status status="PASS" start="2026-02-23T13:54:51.465178" elapsed="0.003363"/>
</test>
<test id="s1-t6" name="Get All Clients Returns List" line="63">
<kw name="Create Client" owner="common">
<kw name="Create Dictionary" owner="BuiltIn">
<msg time="2026-02-23T13:54:51.469391" level="INFO">${body} = {'name': 'List Client', 'email': 'list_robot@example.com'}</msg>
<var>${body}</var>
<arg>name=${name}</arg>
<arg>email=${email}</arg>
<doc>Creates and returns a dictionary based on the given ``items``.</doc>
<status status="PASS" start="2026-02-23T13:54:51.469204" elapsed="0.000200"/>
</kw>
<if>
<branch type="IF" condition="$phone is not None">
<kw name="Set To Dictionary" owner="Collections">
<arg>${body}</arg>
<arg>phone=${phone}</arg>
<doc>Adds the given ``key_value_pairs`` and/or ``items`` to the ``dictionary``.</doc>
<status status="NOT RUN" start="2026-02-23T13:54:51.469544" elapsed="0.000009"/>
</kw>
<status status="NOT RUN" start="2026-02-23T13:54:51.469444" elapsed="0.000157"/>
</branch>
<status status="PASS" start="2026-02-23T13:54:51.469433" elapsed="0.000179"/>
</if>
<if>
<branch type="IF" condition="$business_id is not None">
<kw name="Set To Dictionary" owner="Collections">
<arg>${body}</arg>
<arg>business_id=${business_id}</arg>
<doc>Adds the given ``key_value_pairs`` and/or ``items`` to the ``dictionary``.</doc>
<status status="NOT RUN" start="2026-02-23T13:54:51.469708" elapsed="0.000008"/>
</kw>
<status status="NOT RUN" start="2026-02-23T13:54:51.469634" elapsed="0.000097"/>
</branch>
<status status="PASS" start="2026-02-23T13:54:51.469628" elapsed="0.000111"/>
</if>
<if>
<branch type="IF" condition="$note is not None">
<kw name="Set To Dictionary" owner="Collections">
<arg>${body}</arg>
<arg>note=${note}</arg>
<doc>Adds the given ``key_value_pairs`` and/or ``items`` to the ``dictionary``.</doc>
<status status="NOT RUN" start="2026-02-23T13:54:51.469826" elapsed="0.000008"/>
</kw>
<status status="NOT RUN" start="2026-02-23T13:54:51.469759" elapsed="0.000090"/>
</branch>
<status status="PASS" start="2026-02-23T13:54:51.469754" elapsed="0.000103"/>
</if>
<kw name="POST On Session" owner="RequestsLibrary">
<msg time="2026-02-23T13:54:51.473259" level="INFO">POST Request : url=http://127.0.0.1:8000/clients/ 
 path_url=/clients/ 
 headers={'User-Agent': 'python-requests/2.32.5', 'Accept-Encoding': 'gzip, deflate', 'Accept': '*/*', 'Connection': 'keep-alive', 'Content-Length': '58', 'Content-Type': 'application/json'} 
 body=b'{"name": "List Client", "email": "list_robot@example.com"}' 
 </msg>
<msg time="2026-02-23T13:54:51.473293" level="INFO">POST Response : url=http://127.0.0.1:8000/clients/ 
 status=200, reason=OK 
 headers={'date': 'Mon, 23 Feb 2026 11:54:50 GMT', 'server': 'uvicorn', 'content-length': '124', 'content-type': 'application/json'} 
 body={"name":"List Client","email":"list_robot@example.com","phone":null,"business_id":null,"note":null,"id":4,"status":"active"} 
 </msg>
<msg time="2026-02-23T13:54:51.473351" level="INFO">${response} = &lt;Response [200]&gt;</msg>
<var>${response}</var>
<arg>${SESSION}</arg>
<arg>/clients/</arg>
<arg>json=${body}</arg>
<arg>expected_status=any</arg>
<doc>Sends a POST request on a previously created HTTP Session.</doc>
<status status="PASS" start="2026-02-23T13:54:51.469939" elapsed="0.003425"/>
</kw>
<return>
<value>${response}</value>
<status status="PASS" start="2026-02-23T13:54:51.473398" elapsed="0.000019"/>
</return>
<arg>name=List Client</arg>
<arg>email=list_robot@example.com</arg>
<status status="PASS" start="2026-02-23T13:54:51.468998" elapsed="0.004471"/>
</kw>
<kw name="Get All Clients" owner="common">
<kw name="GET On Session" owner="RequestsLibrary">
<msg time="2026-02-23T13:54:51.475488" level="INFO">GET Request : url=http://127.0.0.1:8000/clients/ 
 path_url=/clients/ 
 headers={'User-Agent': 'python-requests/2.32.5', 'Accept-Encoding': 'gzip, deflate', 'Accept': '*/*', 'Connection': 'keep-alive'} 
 body=None 
 </msg>
<msg time="2026-02-23T13:54:51.475519" level="INFO">GET Response : url=http://127.0.0.1:8000/clients/ 
 status=200, reason=OK 
 headers={'date': 'Mon, 23 Feb 2026 11:54:50 GMT', 'server': 'uvicorn', 'content-length': '533', 'content-type': 'application/json'} 
 body=[{"name":"Acme Corp","email":"acme_robot@example.com","phone":null,"business_id":null,"note":null,"id":1,"status":"active"},{"name":"Full Client","email":"full_robot@example.com","phone":"+358401234567","business_id":"1234567-8","note":"VIP customer","id":2,"status":"active"},{"name":"First Client","email":"duplicate_robot@example.com","phone":null,"business_id":null,"note":null,"id":3,"status":"active"},{"name":"List Client","email":"list_robot@example.com","phone":null,"business_id":null,"note":null,"id":4,"status":"active"}] 
 </msg>
<msg time="2026-02-23T13:54:51.475571" level="INFO">${response} = &lt;Response [200]&gt;</msg>
<var>${response}</var>
<arg>${SESSION}</arg>
<arg>/clients/</arg>
<doc>Sends a GET request on a previously created HTTP Session.</doc>
<status status="PASS" start="2026-02-23T13:54:51.473690" elapsed="0.001893"/>
</kw>
<return>
<value>${response}</value>
<status status="PASS" start="2026-02-23T13:54:51.475611" elapsed="0.000017"/>
</return>
<msg time="2026-02-23T13:54:51.475687" level="INFO">${response} = &lt;Response [200]&gt;</msg>
<var>${response}</var>
<status status="PASS" start="2026-02-23T13:54:51.473576" elapsed="0.002122"/>
</kw>
<kw name="Should Be Equal As Integers" owner="BuiltIn">
<msg time="2026-02-23T13:54:51.476034" level="INFO">Argument types are:
&lt;class 'int'&gt;
&lt;class 'str'&gt;</msg>
<arg>${response.status_code}</arg>
<arg>200</arg>
<doc>Fails if objects are unequal after converting them to integers.</doc>
<status status="PASS" start="2026-02-23T13:54:51.475764" elapsed="0.000298"/>
</kw>
<kw name="Set Variable" owner="BuiltIn">
<msg time="2026-02-23T13:54:51.476370" level="INFO">${data} = [{'name': 'Acme Corp', 'email': 'acme_robot@example.com', 'phone': None, 'business_id': None, 'note': None, 'id': 1, 'status': 'active'}, {'name': 'Full Client', 'email': 'full_robot@example.com', 'ph...</msg>
<var>${data}</var>
<arg>${response.json()}</arg>
<doc>Returns the given values which can then be assigned to a variables.</doc>
<status status="PASS" start="2026-02-23T13:54:51.476121" elapsed="0.000262"/>
</kw>
<kw name="Should Not Be Empty" owner="BuiltIn">
<msg time="2026-02-23T13:54:51.476609" level="INFO">Length is 4.</msg>
<arg>${data}</arg>
<doc>Verifies that the given item is not empty.</doc>
<status status="PASS" start="2026-02-23T13:54:51.476437" elapsed="0.000192"/>
</kw>
<doc>After creating a client, GET /clients/ should return a non-empty list.</doc>
<status status="PASS" start="2026-02-23T13:54:51.468703" elapsed="0.007988"/>
</test>
<test id="s1-t7" name="Get Client By Valid ID" line="71">
<kw name="Create Client" owner="common">
<kw name="Create Dictionary" owner="BuiltIn">
<msg time="2026-02-23T13:54:51.477470" level="INFO">${body} = {'name': 'Findable Client', 'email': 'find_robot@example.com'}</msg>
<var>${body}</var>
<arg>name=${name}</arg>
<arg>email=${email}</arg>
<doc>Creates and returns a dictionary based on the given ``items``.</doc>
<status status="PASS" start="2026-02-23T13:54:51.477298" elapsed="0.000184"/>
</kw>
<if>
<branch type="IF" condition="$phone is not None">
<kw name="Set To Dictionary" owner="Collections">
<arg>${body}</arg>
<arg>phone=${phone}</arg>
<doc>Adds the given ``key_value_pairs`` and/or ``items`` to the ``dictionary``.</doc>
<status status="NOT RUN" start="2026-02-23T13:54:51.477602" elapsed="0.000009"/>
</kw>
<status status="NOT RUN" start="2026-02-23T13:54:51.477518" elapsed="0.000108"/>
</branch>
<status status="PASS" start="2026-02-23T13:54:51.477508" elapsed="0.000128"/>
</if>
<if>
<branch type="IF" condition="$business_id is not None">
<kw name="Set To Dictionary" owner="Collections">
<arg>${body}</arg>
<arg>business_id=${business_id}</arg>
<doc>Adds the given ``key_value_pairs`` and/or ``items`` to the ``dictionary``.</doc>
<status status="NOT RUN" start="2026-02-23T13:54:51.477724" elapsed="0.000008"/>
</kw>
<status status="NOT RUN" start="2026-02-23T13:54:51.477658" elapsed="0.000089"/>
</branch>
<status status="PASS" start="2026-02-23T13:54:51.477651" elapsed="0.000104"/>
</if>
<if>
<branch type="IF" condition="$note is not None">
<kw name="Set To Dictionary" owner="Collections">
<arg>${body}</arg>
<arg>note=${note}</arg>
<doc>Adds the given ``key_value_pairs`` and/or ``items`` to the ``dictionary``.</doc>
<status status="NOT RUN" start="2026-02-23T13:54:51.477838" elapsed="0.000007"/>
</kw>
<status status="NOT RUN" start="2026-02-23T13:54:51.477775" elapsed="0.000084"/>
</branch>
<status status="PASS" start="2026-02-23T13:54:51.477769" elapsed="0.000098"/>
</if>
<kw name="POST On Session" owner="RequestsLibrary">
<msg time="2026-02-23T13:54:51.481761" level="INFO">POST Request : url=http://127.0.0.1:8000/clients/ 
 path_url=/clients/ 
 headers={'User-Agent': 'python-requests/2.32.5', 'Accept-Encoding': 'gzip, deflate', 'Accept': '*/*', 'Connection': 'keep-alive', 'Content-Length': '62', 'Content-Type': 'application/json'} 
 body=b'{"name": "Findable Client", "email": "find_robot@example.com"}' 
 </msg>
<msg time="2026-02-23T13:54:51.481868" level="INFO">POST Response : url=http://127.0.0.1:8000/clients/ 
 status=200, reason=OK 
 headers={'date': 'Mon, 23 Feb 2026 11:54:50 GMT', 'server': 'uvicorn', 'content-length': '128', 'content-type': 'application/json'} 
 body={"name":"Findable Client","email":"find_robot@example.com","phone":null,"business_id":null,"note":null,"id":5,"status":"active"} 
 </msg>
<msg time="2026-02-23T13:54:51.481942" level="INFO">${response} = &lt;Response [200]&gt;</msg>
<var>${response}</var>
<arg>${SESSION}</arg>
<arg>/clients/</arg>
<arg>json=${body}</arg>
<arg>expected_status=any</arg>
<doc>Sends a POST request on a previously created HTTP Session.</doc>
<status status="PASS" start="2026-02-23T13:54:51.477953" elapsed="0.004003"/>
</kw>
<return>
<value>${response}</value>
<status status="PASS" start="2026-02-23T13:54:51.481997" elapsed="0.000024"/>
</return>
<msg time="2026-02-23T13:54:51.482091" level="INFO">${create} = &lt;Response [200]&gt;</msg>
<var>${create}</var>
<arg>name=Findable Client</arg>
<arg>email=find_robot@example.com</arg>
<status status="PASS" start="2026-02-23T13:54:51.477115" elapsed="0.004987"/>
</kw>
<kw name="Set Variable" owner="BuiltIn">
<msg time="2026-02-23T13:54:51.482497" level="INFO">${client_id} = 5</msg>
<var>${client_id}</var>
<arg>${create.json()}[id]</arg>
<doc>Returns the given values which can then be assigned to a variables.</doc>
<status status="PASS" start="2026-02-23T13:54:51.482188" elapsed="0.000321"/>
</kw>
<kw name="Get Client By ID" owner="common">
<kw name="GET On Session" owner="RequestsLibrary">
<msg time="2026-02-23T13:54:51.485580" level="INFO">GET Request : url=http://127.0.0.1:8000/clients/5 
 path_url=/clients/5 
 headers={'User-Agent': 'python-requests/2.32.5', 'Accept-Encoding': 'gzip, deflate', 'Accept': '*/*', 'Connection': 'keep-alive'} 
 body=None 
 </msg>
<msg time="2026-02-23T13:54:51.485617" level="INFO">GET Response : url=http://127.0.0.1:8000/clients/5 
 status=200, reason=OK 
 headers={'date': 'Mon, 23 Feb 2026 11:54:50 GMT', 'server': 'uvicorn', 'content-length': '128', 'content-type': 'application/json'} 
 body={"name":"Findable Client","email":"find_robot@example.com","phone":null,"business_id":null,"note":null,"id":5,"status":"active"} 
 </msg>
<msg time="2026-02-23T13:54:51.485677" level="INFO">${response} = &lt;Response [200]&gt;</msg>
<var>${response}</var>
<arg>${SESSION}</arg>
<arg>/clients/${client_id}</arg>
<arg>expected_status=any</arg>
<doc>Sends a GET request on a previously created HTTP Session.</doc>
<status status="PASS" start="2026-02-23T13:54:51.482734" elapsed="0.002955"/>
</kw>
<return>
<value>${response}</value>
<status status="PASS" start="2026-02-23T13:54:51.485723" elapsed="0.000021"/>
</return>
<msg time="2026-02-23T13:54:51.485806" level="INFO">${response} = &lt;Response [200]&gt;</msg>
<var>${response}</var>
<arg>${client_id}</arg>
<status status="PASS" start="2026-02-23T13:54:51.482604" elapsed="0.003213"/>
</kw>
<kw name="Should Be Equal As Integers" owner="BuiltIn">
<msg time="2026-02-23T13:54:51.486282" level="INFO">Argument types are:
&lt;class 'int'&gt;
&lt;class 'str'&gt;</msg>
<arg>${response.status_code}</arg>
<arg>200</arg>
<doc>Fails if objects are unequal after converting them to integers.</doc>
<status status="PASS" start="2026-02-23T13:54:51.485899" elapsed="0.000414"/>
</kw>
<kw name="Should Be Equal" owner="BuiltIn">
<arg>${response.json()}[email]</arg>
<arg>find_robot@example.com</arg>
<doc>Fails if the given objects are unequal.</doc>
<status status="PASS" start="2026-02-23T13:54:51.486394" elapsed="0.000266"/>
</kw>
<doc>Should return the correct client when given a valid ID.</doc>
<status status="PASS" start="2026-02-23T13:54:51.476874" elapsed="0.009859"/>
</test>
<test id="s1-t8" name="Get Client By Invalid ID" line="79">
<kw name="Get Client By ID" owner="common">
<kw name="GET On Session" owner="RequestsLibrary">
<msg time="2026-02-23T13:54:51.489442" level="INFO">GET Request : url=http://127.0.0.1:8000/clients/99999 
 path_url=/clients/99999 
 headers={'User-Agent': 'python-requests/2.32.5', 'Accept-Encoding': 'gzip, deflate', 'Accept': '*/*', 'Connection': 'keep-alive'} 
 body=None 
 </msg>
<msg time="2026-02-23T13:54:51.489489" level="INFO">GET Response : url=http://127.0.0.1:8000/clients/99999 
 status=404, reason=Not Found 
 headers={'date': 'Mon, 23 Feb 2026 11:54:50 GMT', 'server': 'uvicorn', 'content-length': '29', 'content-type': 'application/json'} 
 body={"detail":"Client not found"} 
 </msg>
<msg time="2026-02-23T13:54:51.489552" level="INFO">${response} = &lt;Response [404]&gt;</msg>
<var>${response}</var>
<arg>${SESSION}</arg>
<arg>/clients/${client_id}</arg>
<arg>expected_status=any</arg>
<doc>Sends a GET request on a previously created HTTP Session.</doc>
<status status="PASS" start="2026-02-23T13:54:51.487190" elapsed="0.002376"/>
</kw>
<return>
<value>${response}</value>
<status status="PASS" start="2026-02-23T13:54:51.489599" elapsed="0.000020"/>
</return>
<msg time="2026-02-23T13:54:51.489682" level="INFO">${response} = &lt;Response [404]&gt;</msg>
<var>${response}</var>
<arg>99999</arg>
<status status="PASS" start="2026-02-23T13:54:51.487077" elapsed="0.002616"/>
</kw>
<kw name="Should Be Equal As Integers" owner="BuiltIn">
<msg time="2026-02-23T13:54:51.490042" level="INFO">Argument types are:
&lt;class 'int'&gt;
&lt;class 'str'&gt;</msg>
<arg>${response.status_code}</arg>
<arg>404</arg>
<doc>Fails if objects are unequal after converting them to integers.</doc>
<status status="PASS" start="2026-02-23T13:54:51.489775" elapsed="0.000294"/>
</kw>
<kw name="Should Contain" owner="BuiltIn">
<arg>${response.json()}[detail]</arg>
<arg>not found</arg>
<doc>Fails if ``container`` does not contain ``item`` one or more times.</doc>
<status status="PASS" start="2026-02-23T13:54:51.490126" elapsed="0.000254"/>
</kw>
<doc>Non-existent client ID should return 404.</doc>
<status status="PASS" start="2026-02-23T13:54:51.486890" elapsed="0.003555"/>
</test>
<test id="s1-t9" name="Update Client Name" line="89">
<kw name="Create Client" owner="common">
<kw name="Create Dictionary" owner="BuiltIn">
<msg time="2026-02-23T13:54:51.491137" level="INFO">${body} = {'name': 'Old Name', 'email': 'update_robot@example.com'}</msg>
<var>${body}</var>
<arg>name=${name}</arg>
<arg>email=${email}</arg>
<doc>Creates and returns a dictionary based on the given ``items``.</doc>
<status status="PASS" start="2026-02-23T13:54:51.490960" elapsed="0.000189"/>
</kw>
<if>
<branch type="IF" condition="$phone is not None">
<kw name="Set To Dictionary" owner="Collections">
<arg>${body}</arg>
<arg>phone=${phone}</arg>
<doc>Adds the given ``key_value_pairs`` and/or ``items`` to the ``dictionary``.</doc>
<status status="NOT RUN" start="2026-02-23T13:54:51.491277" elapsed="0.000009"/>
</kw>
<status status="NOT RUN" start="2026-02-23T13:54:51.491187" elapsed="0.000114"/>
</branch>
<status status="PASS" start="2026-02-23T13:54:51.491177" elapsed="0.000134"/>
</if>
<if>
<branch type="IF" condition="$business_id is not None">
<kw name="Set To Dictionary" owner="Collections">
<arg>${body}</arg>
<arg>business_id=${business_id}</arg>
<doc>Adds the given ``key_value_pairs`` and/or ``items`` to the ``dictionary``.</doc>
<status status="NOT RUN" start="2026-02-23T13:54:51.491400" elapsed="0.000008"/>
</kw>
<status status="NOT RUN" start="2026-02-23T13:54:51.491333" elapsed="0.000090"/>
</branch>
<status status="PASS" start="2026-02-23T13:54:51.491327" elapsed="0.000105"/>
</if>
<if>
<branch type="IF" condition="$note is not None">
<kw name="Set To Dictionary" owner="Collections">
<arg>${body}</arg>
<arg>note=${note}</arg>
<doc>Adds the given ``key_value_pairs`` and/or ``items`` to the ``dictionary``.</doc>
<status status="NOT RUN" start="2026-02-23T13:54:51.491521" elapsed="0.000009"/>
</kw>
<status status="NOT RUN" start="2026-02-23T13:54:51.491452" elapsed="0.000126"/>
</branch>
<status status="PASS" start="2026-02-23T13:54:51.491446" elapsed="0.000142"/>
</if>
<kw name="POST On Session" owner="RequestsLibrary">
<msg time="2026-02-23T13:54:51.494981" level="INFO">POST Request : url=http://127.0.0.1:8000/clients/ 
 path_url=/clients/ 
 headers={'User-Agent': 'python-requests/2.32.5', 'Accept-Encoding': 'gzip, deflate', 'Accept': '*/*', 'Connection': 'keep-alive', 'Content-Length': '57', 'Content-Type': 'application/json'} 
 body=b'{"name": "Old Name", "email": "update_robot@example.com"}' 
 </msg>
<msg time="2026-02-23T13:54:51.495024" level="INFO">POST Response : url=http://127.0.0.1:8000/clients/ 
 status=200, reason=OK 
 headers={'date': 'Mon, 23 Feb 2026 11:54:50 GMT', 'server': 'uvicorn', 'content-length': '123', 'content-type': 'application/json'} 
 body={"name":"Old Name","email":"update_robot@example.com","phone":null,"business_id":null,"note":null,"id":6,"status":"active"} 
 </msg>
<msg time="2026-02-23T13:54:51.495106" level="INFO">${response} = &lt;Response [200]&gt;</msg>
<var>${response}</var>
<arg>${SESSION}</arg>
<arg>/clients/</arg>
<arg>json=${body}</arg>
<arg>expected_status=any</arg>
<doc>Sends a POST request on a previously created HTTP Session.</doc>
<status status="PASS" start="2026-02-23T13:54:51.491625" elapsed="0.003494"/>
</kw>
<return>
<value>${response}</value>
<status status="PASS" start="2026-02-23T13:54:51.495155" elapsed="0.000020"/>
</return>
<msg time="2026-02-23T13:54:51.495240" level="INFO">${create} = &lt;Response [200]&gt;</msg>
<var>${create}</var>
<arg>name=Old Name</arg>
<arg>email=update_robot@example.com</arg>
<status status="PASS" start="2026-02-23T13:54:51.490771" elapsed="0.004480"/>
</kw>
<kw name="Set Variable" owner="BuiltIn">
<msg time="2026-02-23T13:54:51.495639" level="INFO">${client_id} = 6</msg>
<var>${client_id}</var>
<arg>${create.json()}[id]</arg>
<doc>Returns the given values which can then be assigned to a variables.</doc>
<status status="PASS" start="2026-02-23T13:54:51.495334" elapsed="0.000317"/>
</kw>
<kw name="Create Dictionary" owner="BuiltIn">
<msg time="2026-02-23T13:54:51.495844" level="INFO">${body} = {'name': 'New Name'}</msg>
<var>${body}</var>
<arg>name=New Name</arg>
<doc>Creates and returns a dictionary based on the given ``items``.</doc>
<status status="PASS" start="2026-02-23T13:54:51.495715" elapsed="0.000141"/>
</kw>
<kw name="PUT On Session" owner="RequestsLibrary">
<msg time="2026-02-23T13:54:51.499912" level="INFO">PUT Request : url=http://127.0.0.1:8000/clients/6 
 path_url=/clients/6 
 headers={'User-Agent': 'python-requests/2.32.5', 'Accept-Encoding': 'gzip, deflate', 'Accept': '*/*', 'Connection': 'keep-alive', 'Content-Length': '20', 'Content-Type': 'application/json'} 
 body=b'{"name": "New Name"}' 
 </msg>
<msg time="2026-02-23T13:54:51.499961" level="INFO">PUT Response : url=http://127.0.0.1:8000/clients/6 
 status=200, reason=OK 
 headers={'date': 'Mon, 23 Feb 2026 11:54:50 GMT', 'server': 'uvicorn', 'content-length': '123', 'content-type': 'application/json'} 
 body={"name":"New Name","email":"update_robot@example.com","phone":null,"business_id":null,"note":null,"id":6,"status":"active"} 
 </msg>
<msg time="2026-02-23T13:54:51.500036" level="INFO">${response} = &lt;Response [200]&gt;</msg>
<var>${response}</var>
<arg>${SESSION}</arg>
<arg>/clients/${client_id}</arg>
<arg>json=${body}</arg>
<doc>Sends a PUT request on a previously created HTTP Session.</doc>
<status status="PASS" start="2026-02-23T13:54:51.495910" elapsed="0.004139"/>
</kw>
<kw name="Should Be Equal As Integers" owner="BuiltIn">
<msg time="2026-02-23T13:54:51.500558" level="INFO">Argument types are:
&lt;class 'int'&gt;
&lt;class 'str'&gt;</msg>
<arg>${response.status_code}</arg>
<arg>200</arg>
<doc>Fails if objects are unequal after converting them to integers.</doc>
<status status="PASS" start="2026-02-23T13:54:51.500201" elapsed="0.000386"/>
</kw>
<kw name="Should Be Equal" owner="BuiltIn">
<arg>${response.json()}[name]</arg>
<arg>New Name</arg>
<doc>Fails if the given objects are unequal.</doc>
<status status="PASS" start="2026-02-23T13:54:51.500662" elapsed="0.000261"/>
</kw>
<kw name="Should Be Equal" owner="BuiltIn">
<arg>${response.json()}[email]</arg>
<arg>update_robot@example.com</arg>
<doc>Fails if the given objects are unequal.</doc>
<status status="PASS" start="2026-02-23T13:54:51.500983" elapsed="0.000234"/>
</kw>
<doc>PUT should update name while leaving other fields unchanged.</doc>
<status status="PASS" start="2026-02-23T13:54:51.490526" elapsed="0.010759"/>
</test>
<test id="s1-t10" name="Update Client Not Found" line="99">
<kw name="Create Dictionary" owner="BuiltIn">
<msg time="2026-02-23T13:54:51.501661" level="INFO">${body} = {'name': 'Ghost'}</msg>
<var>${body}</var>
<arg>name=Ghost</arg>
<doc>Creates and returns a dictionary based on the given ``items``.</doc>
<status status="PASS" start="2026-02-23T13:54:51.501531" elapsed="0.000141"/>
</kw>
<kw name="PUT On Session" owner="RequestsLibrary">
<msg time="2026-02-23T13:54:51.504516" level="INFO">PUT Request : url=http://127.0.0.1:8000/clients/99999 
 path_url=/clients/99999 
 headers={'User-Agent': 'python-requests/2.32.5', 'Accept-Encoding': 'gzip, deflate', 'Accept': '*/*', 'Connection': 'keep-alive', 'Content-Length': '17', 'Content-Type': 'application/json'} 
 body=b'{"name": "Ghost"}' 
 </msg>
<msg time="2026-02-23T13:54:51.504559" level="INFO">PUT Response : url=http://127.0.0.1:8000/clients/99999 
 status=404, reason=Not Found 
 headers={'date': 'Mon, 23 Feb 2026 11:54:50 GMT', 'server': 'uvicorn', 'content-length': '47', 'content-type': 'application/json'} 
 body={"detail":"Client with the given id not found"} 
 </msg>
<msg time="2026-02-23T13:54:51.504629" level="INFO">${response} = &lt;Response [404]&gt;</msg>
<var>${response}</var>
<arg>${SESSION}</arg>
<arg>/clients/99999</arg>
<arg>json=${body}</arg>
<arg>expected_status=any</arg>
<doc>Sends a PUT request on a previously created HTTP Session.</doc>
<status status="PASS" start="2026-02-23T13:54:51.501728" elapsed="0.002914"/>
</kw>
<kw name="Should Be Equal As Integers" owner="BuiltIn">
<msg time="2026-02-23T13:54:51.505087" level="INFO">Argument types are:
&lt;class 'int'&gt;
&lt;class 'str'&gt;</msg>
<arg>${response.status_code}</arg>
<arg>404</arg>
<doc>Fails if objects are unequal after converting them to integers.</doc>
<status status="PASS" start="2026-02-23T13:54:51.504765" elapsed="0.000352"/>
</kw>
<doc>PUT on non-existent client should return 404.</doc>
<status status="PASS" start="2026-02-23T13:54:51.501371" elapsed="0.003820"/>
</test>
<test id="s1-t11" name="Deactivate Client" line="105">
<kw name="Create Client" owner="common">
<kw name="Create Dictionary" owner="BuiltIn">
<msg time="2026-02-23T13:54:51.505896" level="INFO">${body} = {'name': 'Active Client', 'email': 'deactivate_robot@example.com'}</msg>
<var>${body}</var>
<arg>name=${name}</arg>
<arg>email=${email}</arg>
<doc>Creates and returns a dictionary based on the given ``items``.</doc>
<status status="PASS" start="2026-02-23T13:54:51.505715" elapsed="0.000194"/>
</kw>
<if>
<branch type="IF" condition="$phone is not None">
<kw name="Set To Dictionary" owner="Collections">
<arg>${body}</arg>
<arg>phone=${phone}</arg>
<doc>Adds the given ``key_value_pairs`` and/or ``items`` to the ``dictionary``.</doc>
<status status="NOT RUN" start="2026-02-23T13:54:51.506049" elapsed="0.000010"/>
</kw>
<status status="NOT RUN" start="2026-02-23T13:54:51.505950" elapsed="0.000125"/>
</branch>
<status status="PASS" start="2026-02-23T13:54:51.505939" elapsed="0.000146"/>
</if>
<if>
<branch type="IF" condition="$business_id is not None">
<kw name="Set To Dictionary" owner="Collections">
<arg>${body}</arg>
<arg>business_id=${business_id}</arg>
<doc>Adds the given ``key_value_pairs`` and/or ``items`` to the ``dictionary``.</doc>
<status status="NOT RUN" start="2026-02-23T13:54:51.506179" elapsed="0.000008"/>
</kw>
<status status="NOT RUN" start="2026-02-23T13:54:51.506108" elapsed="0.000094"/>
</branch>
<status status="PASS" start="2026-02-23T13:54:51.506101" elapsed="0.000110"/>
</if>
<if>
<branch type="IF" condition="$note is not None">
<kw name="Set To Dictionary" owner="Collections">
<arg>${body}</arg>
<arg>note=${note}</arg>
<doc>Adds the given ``key_value_pairs`` and/or ``items`` to the ``dictionary``.</doc>
<status status="NOT RUN" start="2026-02-23T13:54:51.506333" elapsed="0.000008"/>
</kw>
<status status="NOT RUN" start="2026-02-23T13:54:51.506265" elapsed="0.000091"/>
</branch>
<status status="PASS" start="2026-02-23T13:54:51.506258" elapsed="0.000106"/>
</if>
<kw name="POST On Session" owner="RequestsLibrary">
<msg time="2026-02-23T13:54:51.509569" level="INFO">POST Request : url=http://127.0.0.1:8000/clients/ 
 path_url=/clients/ 
 headers={'User-Agent': 'python-requests/2.32.5', 'Accept-Encoding': 'gzip, deflate', 'Accept': '*/*', 'Connection': 'keep-alive', 'Content-Length': '66', 'Content-Type': 'application/json'} 
 body=b'{"name": "Active Client", "email": "deactivate_robot@example.com"}' 
 </msg>
<msg time="2026-02-23T13:54:51.509603" level="INFO">POST Response : url=http://127.0.0.1:8000/clients/ 
 status=200, reason=OK 
 headers={'date': 'Mon, 23 Feb 2026 11:54:50 GMT', 'server': 'uvicorn', 'content-length': '132', 'content-type': 'application/json'} 
 body={"name":"Active Client","email":"deactivate_robot@example.com","phone":null,"business_id":null,"note":null,"id":7,"status":"active"} 
 </msg>
<msg time="2026-02-23T13:54:51.509655" level="INFO">${response} = &lt;Response [200]&gt;</msg>
<var>${response}</var>
<arg>${SESSION}</arg>
<arg>/clients/</arg>
<arg>json=${body}</arg>
<arg>expected_status=any</arg>
<doc>Sends a POST request on a previously created HTTP Session.</doc>
<status status="PASS" start="2026-02-23T13:54:51.506401" elapsed="0.003267"/>
</kw>
<return>
<value>${response}</value>
<status status="PASS" start="2026-02-23T13:54:51.509701" elapsed="0.000021"/>
</return>
<msg time="2026-02-23T13:54:51.509785" level="INFO">${create} = &lt;Response [200]&gt;</msg>
<var>${create}</var>
<arg>name=Active Client</arg>
<arg>email=deactivate_robot@example.com</arg>
<status status="PASS" start="2026-02-23T13:54:51.505518" elapsed="0.004278"/>
</kw>
<kw name="Set Variable" owner="BuiltIn">
<msg time="2026-02-23T13:54:51.510219" level="INFO">${client_id} = 7</msg>
<var>${client_id}</var>
<arg>${create.json()}[id]</arg>
<doc>Returns the given values which can then be assigned to a variables.</doc>
<status status="PASS" start="2026-02-23T13:54:51.509920" elapsed="0.000311"/>
</kw>
<kw name="PATCH On Session" owner="RequestsLibrary">
<msg time="2026-02-23T13:54:51.514002" level="INFO">PATCH Request : url=http://127.0.0.1:8000/clients/7 
 path_url=/clients/7 
 headers={'User-Agent': 'python-requests/2.32.5', 'Accept-Encoding': 'gzip, deflate', 'Accept': '*/*', 'Connection': 'keep-alive', 'Content-Length': '0'} 
 body=None 
 </msg>
<msg time="2026-02-23T13:54:51.514045" level="INFO">PATCH Response : url=http://127.0.0.1:8000/clients/7 
 status=200, reason=OK 
 headers={'date': 'Mon, 23 Feb 2026 11:54:50 GMT', 'server': 'uvicorn', 'content-length': '134', 'content-type': 'application/json'} 
 body={"name":"Active Client","email":"deactivate_robot@example.com","phone":null,"business_id":null,"note":null,"id":7,"status":"inactive"} 
 </msg>
<msg time="2026-02-23T13:54:51.514110" level="INFO">${response} = &lt;Response [200]&gt;</msg>
<var>${response}</var>
<arg>${SESSION}</arg>
<arg>/clients/${client_id}</arg>
<doc>Sends a PATCH request on a previously created HTTP Session.</doc>
<status status="PASS" start="2026-02-23T13:54:51.510305" elapsed="0.003818"/>
</kw>
<kw name="Should Be Equal As Integers" owner="BuiltIn">
<msg time="2026-02-23T13:54:51.514506" level="INFO">Argument types are:
&lt;class 'int'&gt;
&lt;class 'str'&gt;</msg>
<arg>${response.status_code}</arg>
<arg>200</arg>
<doc>Fails if objects are unequal after converting them to integers.</doc>
<status status="PASS" start="2026-02-23T13:54:51.514220" elapsed="0.000313"/>
</kw>
<kw name="Should Be Equal" owner="BuiltIn">
<arg>${response.json()}[status]</arg>
<arg>inactive</arg>
<doc>Fails if the given objects are unequal.</doc>
<status status="PASS" start="2026-02-23T13:54:51.514598" elapsed="0.000250"/>
</kw>
<doc>PATCH should set client status to inactive.</doc>
<status status="PASS" start="2026-02-23T13:54:51.505277" elapsed="0.009639"/>
</test>
<test id="s1-t12" name="Deactivate Client Not Found" line="113">
<kw name="PATCH On Session" owner="RequestsLibrary">
<msg time="2026-02-23T13:54:51.517461" level="INFO">PATCH Request : url=http://127.0.0.1:8000/clients/99999 
 path_url=/clients/99999 
 headers={'User-Agent': 'python-requests/2.32.5', 'Accept-Encoding': 'gzip, deflate', 'Accept': '*/*', 'Connection': 'keep-alive', 'Content-Length': '0'} 
 body=None 
 </msg>
<msg time="2026-02-23T13:54:51.517494" level="INFO">PATCH Response : url=http://127.0.0.1:8000/clients/99999 
 status=404, reason=Not Found 
 headers={'date': 'Mon, 23 Feb 2026 11:54:50 GMT', 'server': 'uvicorn', 'content-length': '29', 'content-type': 'application/json'} 
 body={"detail":"Client not found"} 
 </msg>
<msg time="2026-02-23T13:54:51.517544" level="INFO">${response} = &lt;Response [404]&gt;</msg>
<var>${response}</var>
<arg>${SESSION}</arg>
<arg>/clients/99999</arg>
<arg>expected_status=any</arg>
<doc>Sends a PATCH request on a previously created HTTP Session.</doc>
<status status="PASS" start="2026-02-23T13:54:51.515202" elapsed="0.002353"/>
</kw>
<kw name="Should Be Equal As Integers" owner="BuiltIn">
<msg time="2026-02-23T13:54:51.517959" level="INFO">Argument types are:
&lt;class 'int'&gt;
&lt;class 'str'&gt;</msg>
<arg>${response.status_code}</arg>
<arg>404</arg>
<doc>Fails if objects are unequal after converting them to integers.</doc>
<status status="PASS" start="2026-02-23T13:54:51.517650" elapsed="0.000335"/>
</kw>
<doc>PATCH on non-existent client should return 404.</doc>
<status status="PASS" start="2026-02-23T13:54:51.515040" elapsed="0.003010"/>
</test>
<status status="PASS" start="2026-02-23T13:54:51.367753" elapsed="0.150503"/>
</suite>
<statistics>
<total>
<stat pass="12" fail="0" skip="0">All Tests</stat>
</total>
<tag>
</tag>
<suite>
<stat name="Test Clients" id="s1" pass="12" fail="0" skip="0">Test Clients</stat>
</suite>
</statistics>
<errors>
</errors>
</robot>
